<?xml version="1.0" encoding="UTF-8"?>
<testng-results ignored="0" total="2" passed="2" failed="0" skipped="0">
  <reporter-output>
  </reporter-output>
  <suite started-at="2026-01-30T13:24:52 IST" name="Suite" finished-at="2026-01-30T13:25:04 IST" duration-ms="12155">
    <groups>
    </groups>
    <test started-at="2026-01-30T13:24:52 IST" name="Test" finished-at="2026-01-30T13:24:57 IST" duration-ms="4897">
      <class name="Abc.parameterTest">
        <test-method signature="run(java.lang.String)[pri:0, instance:Abc.parameterTest@47d90b9e]" started-at="2026-01-30T13:24:52 IST" name="run" finished-at="2026-01-30T13:24:57 IST" duration-ms="4805" status="PASS">
          <params>
            <param index="0">
              <value>
                <![CDATA[chrome]]>
              </value>
            </param>
          </params>
          <reporter-output>
          </reporter-output>
        </test-method> <!-- run -->
      </class> <!-- Abc.parameterTest -->
    </test> <!-- Test -->
    <test started-at="2026-01-30T13:24:52 IST" name="Test1" finished-at="2026-01-30T13:25:04 IST" duration-ms="12155">
      <class name="Abc.webTable">
        <test-method signature="run()[pri:0, instance:Abc.webTable@15c43bd9]" started-at="2026-01-30T13:24:52 IST" name="run" finished-at="2026-01-30T13:25:04 IST" duration-ms="12072" status="PASS">
          <reporter-output>
          </reporter-output>
        </test-method> <!-- run -->
      </class> <!-- Abc.webTable -->
    </test> <!-- Test1 -->
  </suite> <!-- Suite -->
</testng-results>
